app/build/intermediates/manifest_merge_blame_file/release/processReleaseMainManifest/manifest-merger-blame-release-report.txt
1<?xml version="1.0" encoding="utf-8"?>
2<manifest xmlns:android="http://schemas.android.com/apk/res/android"
3    package="com.empcloud.empmonitor"
4    android:versionCode="10"
5    android:versionName="1.9" >
6
7    <uses-sdk
8        android:minSdkVersion="24"
9        android:targetSdkVersion="36" />
10
11    <uses-feature
11-->src/main/AndroidManifest.xml:5:5-7:36
12        android:name="android.hardware.camera"
12-->src/main/AndroidManifest.xml:6:9-47
13        android:required="false" />
13-->src/main/AndroidManifest.xml:7:9-33
14    <uses-feature
14-->src/main/AndroidManifest.xml:8:5-10:36
15        android:name="android.hardware.telephony"
15-->src/main/AndroidManifest.xml:9:9-50
16        android:required="false" />
16-->src/main/AndroidManifest.xml:10:9-33
17
18    <uses-permission android:name="android.permission.INTERNET" />
18-->src/main/AndroidManifest.xml:12:5-67
18-->src/main/AndroidManifest.xml:12:22-64
19    <uses-permission android:name="android.permission.ACCESS_BACKGROUND_LOCATION" />
19-->src/main/AndroidManifest.xml:13:5-85
19-->src/main/AndroidManifest.xml:13:22-82
20    <uses-permission android:name="android.permission.ACCESS_COARSE_LOCATION" />
20-->src/main/AndroidManifest.xml:14:5-81
20-->src/main/AndroidManifest.xml:14:22-78
21    <uses-permission android:name="android.permission.ACCESS_FINE_LOCATION" />
21-->src/main/AndroidManifest.xml:15:5-79
21-->src/main/AndroidManifest.xml:15:22-76
22    <uses-permission android:name="android.permission.CAMERA" />
22-->src/main/AndroidManifest.xml:16:5-65
22-->src/main/AndroidManifest.xml:16:22-62
23    <uses-permission android:name="android.permission.BODY_SENSORS" />
23-->src/main/AndroidManifest.xml:17:5-71
23-->src/main/AndroidManifest.xml:17:22-68
24    <uses-permission android:name="android.permission.FOREGROUND_SERVICE" />
24-->src/main/AndroidManifest.xml:18:5-77
24-->src/main/AndroidManifest.xml:18:22-74
25    <uses-permission android:name="android.permission.FOREGROUND_SERVICE_LOCATION" />
25-->src/main/AndroidManifest.xml:19:5-86
25-->src/main/AndroidManifest.xml:19:22-83
26    <uses-permission android:name="android.permission.READ_EXTERNAL_STORAGE" />
26-->src/main/AndroidManifest.xml:20:5-80
26-->src/main/AndroidManifest.xml:20:22-77
27    <uses-permission android:name="android.permission.READ_PHONE_STATE" />
27-->src/main/AndroidManifest.xml:21:5-75
27-->src/main/AndroidManifest.xml:21:22-72
28    <uses-permission android:name="android.permission.WRITE_EXTERNAL_STORAGE" />
28-->src/main/AndroidManifest.xml:22:5-81
28-->src/main/AndroidManifest.xml:22:22-78
29    <uses-permission android:name="android.permission.READ_CLIPBOARD" />
29-->src/main/AndroidManifest.xml:23:5-72
29-->src/main/AndroidManifest.xml:23:22-70
30    <uses-permission android:name="android.permission.RECEIVE_BOOT_COMPLETED" />
30-->src/main/AndroidManifest.xml:24:5-80
30-->src/main/AndroidManifest.xml:24:22-78
31    <uses-permission android:name="android.permission.SCHEDULE_EXACT_ALARM" />
31-->src/main/AndroidManifest.xml:25:5-78
31-->src/main/AndroidManifest.xml:25:22-76
32    <uses-permission android:name="android.permission.USE_EXACT_ALARM" />
32-->src/main/AndroidManifest.xml:26:5-73
32-->src/main/AndroidManifest.xml:26:22-71
33
34    <uses-feature android:name="android.hardware.camera.autofocus" />
34-->src/main/AndroidManifest.xml:27:5-70
34-->src/main/AndroidManifest.xml:27:19-67
35
36    <uses-permission android:name="android.permission.POST_NOTIFICATIONS" />
36-->src/main/AndroidManifest.xml:28:5-77
36-->src/main/AndroidManifest.xml:28:22-74
37
38    <queries>
38-->src/main/AndroidManifest.xml:31:5-35:15
39        <intent>
39-->src/main/AndroidManifest.xml:32:9-34:18
40            <action android:name="android.media.action.IMAGE_CAPTURE" />
40-->src/main/AndroidManifest.xml:33:13-73
40-->src/main/AndroidManifest.xml:33:21-70
41        </intent>
42        <!-- Needs to be explicitly declared on Android R+ -->
43        <package android:name="com.google.android.apps.maps" />
43-->[com.google.android.gms:play-services-maps:19.2.0] AndroidManifest.xml:29:7-61
43-->[com.google.android.gms:play-services-maps:19.2.0] AndroidManifest.xml:29:16-59
44    </queries>
45
46    <uses-permission android:name="android.permission.ACCESS_WIFI_STATE" />
46-->[com.google.android.libraries.places:places:4.2.0] AndroidManifest.xml:13:5-76
46-->[com.google.android.libraries.places:places:4.2.0] AndroidManifest.xml:13:22-73
47    <uses-permission android:name="android.permission.ACCESS_NETWORK_STATE" />
47-->[com.google.firebase:firebase-auth:23.2.0] AndroidManifest.xml:26:5-79
47-->[com.google.firebase:firebase-auth:23.2.0] AndroidManifest.xml:26:22-76
48
49    <uses-feature
49-->[com.google.android.gms:play-services-maps:19.2.0] AndroidManifest.xml:22:5-24:33
50        android:glEsVersion="0x00020000"
50-->[com.google.android.gms:play-services-maps:19.2.0] AndroidManifest.xml:23:8-40
51        android:required="true" />
51-->[com.google.android.gms:play-services-maps:19.2.0] AndroidManifest.xml:24:8-31
52
53    <uses-permission android:name="android.permission.WAKE_LOCK" />
53-->[androidx.work:work-runtime:2.10.1] AndroidManifest.xml:23:5-68
53-->[androidx.work:work-runtime:2.10.1] AndroidManifest.xml:23:22-65
54
55    <permission
55-->[androidx.core:core:1.16.0] AndroidManifest.xml:22:5-24:47
56        android:name="com.empcloud.empmonitor.DYNAMIC_RECEIVER_NOT_EXPORTED_PERMISSION"
56-->[androidx.core:core:1.16.0] AndroidManifest.xml:23:9-81
57        android:protectionLevel="signature" />
57-->[androidx.core:core:1.16.0] AndroidManifest.xml:24:9-44
58
59    <uses-permission android:name="com.empcloud.empmonitor.DYNAMIC_RECEIVER_NOT_EXPORTED_PERMISSION" />
59-->[androidx.core:core:1.16.0] AndroidManifest.xml:26:5-97
59-->[androidx.core:core:1.16.0] AndroidManifest.xml:26:22-94
60    <uses-permission android:name="com.google.android.providers.gsf.permission.READ_GSERVICES" />
60-->[com.google.android.recaptcha:recaptcha:18.6.1] AndroidManifest.xml:9:5-98
60-->[com.google.android.recaptcha:recaptcha:18.6.1] AndroidManifest.xml:9:22-95
61
62    <application
62-->src/main/AndroidManifest.xml:38:5-195:19
63        android:name="com.empcloud.empmonitor.di.BaseApplication"
63-->src/main/AndroidManifest.xml:39:9-43
64        android:allowBackup="false"
64-->src/main/AndroidManifest.xml:40:9-36
65        android:appComponentFactory="androidx.core.app.CoreComponentFactory"
65-->[androidx.core:core:1.16.0] AndroidManifest.xml:28:18-86
66        android:dataExtractionRules="@xml/data_extraction_rules"
66-->src/main/AndroidManifest.xml:41:9-65
67        android:extractNativeLibs="false"
68        android:fullBackupContent="@xml/backup_rules"
68-->src/main/AndroidManifest.xml:42:9-54
69        android:icon="@mipmap/ic_launcher"
69-->src/main/AndroidManifest.xml:43:9-43
70        android:label="@string/app_name"
70-->src/main/AndroidManifest.xml:44:9-41
71        android:requestLegacyExternalStorage="true"
71-->src/main/AndroidManifest.xml:49:9-52
72        android:roundIcon="@mipmap/ic_launcher_round"
72-->src/main/AndroidManifest.xml:45:9-54
73        android:supportsRtl="true"
73-->src/main/AndroidManifest.xml:46:9-35
74        android:theme="@style/Theme.EmpMonitorFieldTrackingUI" >
74-->src/main/AndroidManifest.xml:47:9-63
75        <activity
75-->src/main/AndroidManifest.xml:51:9-55:70
76            android:name="com.empcloud.empmonitor.ui.activity.savecookie.SaveCookieActivity"
76-->src/main/AndroidManifest.xml:52:13-70
77            android:exported="false"
77-->src/main/AndroidManifest.xml:54:13-37
78            android:screenOrientation="portrait"
78-->src/main/AndroidManifest.xml:53:13-49
79            android:theme="@style/Theme.EmpMonitorFieldTrackingUI" />
79-->src/main/AndroidManifest.xml:55:13-67
80        <activity
80-->src/main/AndroidManifest.xml:56:9-60:70
81            android:name="com.empcloud.empmonitor.ui.activity.webview_activity.WebViewActivity"
81-->src/main/AndroidManifest.xml:57:13-73
82            android:exported="false"
82-->src/main/AndroidManifest.xml:59:13-37
83            android:screenOrientation="portrait"
83-->src/main/AndroidManifest.xml:58:13-49
84            android:theme="@style/Theme.EmpMonitorFieldTrackingUI" />
84-->src/main/AndroidManifest.xml:60:13-67
85        <activity
85-->src/main/AndroidManifest.xml:61:9-65:40
86            android:name="com.empcloud.empmonitor.ui.activity.mainactivity.MainActivity"
86-->src/main/AndroidManifest.xml:62:13-66
87            android:exported="false"
87-->src/main/AndroidManifest.xml:65:13-37
88            android:screenOrientation="portrait"
88-->src/main/AndroidManifest.xml:63:13-49
89            android:windowSoftInputMode="adjustPan" />
89-->src/main/AndroidManifest.xml:64:13-52
90        <activity
90-->src/main/AndroidManifest.xml:66:9-69:40
91            android:name="com.empcloud.empmonitor.ui.activity.mapaddress.ManuallyAddAddressActivity"
91-->src/main/AndroidManifest.xml:67:13-78
92            android:exported="false"
92-->src/main/AndroidManifest.xml:69:13-37
93            android:screenOrientation="portrait" />
93-->src/main/AndroidManifest.xml:68:13-49
94        <activity
94-->src/main/AndroidManifest.xml:70:9-73:40
95            android:name="com.empcloud.empmonitor.ui.activity.mapaddress.MapShowActivity"
95-->src/main/AndroidManifest.xml:71:13-67
96            android:exported="false"
96-->src/main/AndroidManifest.xml:73:13-37
97            android:screenOrientation="portrait" />
97-->src/main/AndroidManifest.xml:72:13-49
98        <activity
98-->src/main/AndroidManifest.xml:74:9-77:40
99            android:name="com.empcloud.empmonitor.ui.activity.mapaddress.MapAddressActivity"
99-->src/main/AndroidManifest.xml:75:13-70
100            android:exported="false"
100-->src/main/AndroidManifest.xml:77:13-37
101            android:screenOrientation="portrait" />
101-->src/main/AndroidManifest.xml:76:13-49
102        <activity
102-->src/main/AndroidManifest.xml:78:9-82:58
103            android:name="com.empcloud.empmonitor.ui.activity.mobilelogin.otp.MobileOtpActivity"
103-->src/main/AndroidManifest.xml:79:13-74
104            android:exported="false"
104-->src/main/AndroidManifest.xml:81:13-37
105            android:screenOrientation="portrait"
105-->src/main/AndroidManifest.xml:80:13-49
106            android:windowSoftInputMode="adjustResize" />
106-->src/main/AndroidManifest.xml:82:13-55
107        <activity
107-->src/main/AndroidManifest.xml:83:9-87:58
108            android:name="com.empcloud.empmonitor.ui.activity.mobilelogin.MobileLoginActivity"
108-->src/main/AndroidManifest.xml:84:13-72
109            android:exported="false"
109-->src/main/AndroidManifest.xml:86:13-37
110            android:screenOrientation="portrait"
110-->src/main/AndroidManifest.xml:85:13-49
111            android:windowSoftInputMode="adjustResize" />
111-->src/main/AndroidManifest.xml:87:13-55
112        <activity
112-->src/main/AndroidManifest.xml:88:9-91:40
113            android:name="com.empcloud.empmonitor.ui.activity.address.AddAddressActivity"
113-->src/main/AndroidManifest.xml:89:13-67
114            android:exported="false"
114-->src/main/AndroidManifest.xml:91:13-37
115            android:screenOrientation="portrait" />
115-->src/main/AndroidManifest.xml:90:13-49
116        <activity
116-->src/main/AndroidManifest.xml:92:9-96:40
117            android:name="com.empcloud.empmonitor.ui.activity.createprofile.CreateProfileActivity"
117-->src/main/AndroidManifest.xml:93:13-76
118            android:exported="false"
118-->src/main/AndroidManifest.xml:96:13-37
119            android:screenOrientation="portrait"
119-->src/main/AndroidManifest.xml:94:13-49
120            android:windowSoftInputMode="adjustResize" />
120-->src/main/AndroidManifest.xml:95:13-55
121        <activity
121-->src/main/AndroidManifest.xml:97:9-101:58
122            android:name="com.empcloud.empmonitor.ui.activity.resetpassword.ResetPasswordActivity"
122-->src/main/AndroidManifest.xml:98:13-76
123            android:exported="false"
123-->src/main/AndroidManifest.xml:100:13-37
124            android:screenOrientation="portrait"
124-->src/main/AndroidManifest.xml:99:13-49
125            android:windowSoftInputMode="adjustResize" />
125-->src/main/AndroidManifest.xml:101:13-55
126        <activity
126-->src/main/AndroidManifest.xml:102:9-106:58
127            android:name="com.empcloud.empmonitor.ui.activity.forgotpassword.ForgotPasswordActivity"
127-->src/main/AndroidManifest.xml:103:13-78
128            android:exported="false"
128-->src/main/AndroidManifest.xml:105:13-37
129            android:screenOrientation="portrait"
129-->src/main/AndroidManifest.xml:104:13-49
130            android:windowSoftInputMode="adjustResize" />
130-->src/main/AndroidManifest.xml:106:13-55
131        <activity
131-->src/main/AndroidManifest.xml:107:9-111:58
132            android:name="com.empcloud.empmonitor.ui.activity.login.EmailPasswordActivity"
132-->src/main/AndroidManifest.xml:108:13-68
133            android:exported="false"
133-->src/main/AndroidManifest.xml:110:13-37
134            android:screenOrientation="portrait"
134-->src/main/AndroidManifest.xml:109:13-49
135            android:windowSoftInputMode="adjustResize" />
135-->src/main/AndroidManifest.xml:111:13-55
136        <activity
136-->src/main/AndroidManifest.xml:112:9-116:58
137            android:name="com.empcloud.empmonitor.ui.activity.login.EmailLoginActivity"
137-->src/main/AndroidManifest.xml:113:13-65
138            android:exported="false"
138-->src/main/AndroidManifest.xml:115:13-37
139            android:screenOrientation="portrait"
139-->src/main/AndroidManifest.xml:114:13-49
140            android:windowSoftInputMode="adjustResize" />
140-->src/main/AndroidManifest.xml:116:13-55
141        <activity
141-->src/main/AndroidManifest.xml:117:9-120:40
142            android:name="com.empcloud.empmonitor.ui.activity.login.LoginOptionsActivity"
142-->src/main/AndroidManifest.xml:118:13-67
143            android:exported="false"
143-->src/main/AndroidManifest.xml:120:13-37
144            android:screenOrientation="portrait" />
144-->src/main/AndroidManifest.xml:119:13-49
145        <activity
145-->src/main/AndroidManifest.xml:121:9-124:40
146            android:name="com.empcloud.empmonitor.ui.activity.tutorial.TutorialActivity"
146-->src/main/AndroidManifest.xml:122:13-66
147            android:exported="false"
147-->src/main/AndroidManifest.xml:124:13-37
148            android:screenOrientation="portrait" />
148-->src/main/AndroidManifest.xml:123:13-49
149        <activity
149-->src/main/AndroidManifest.xml:125:9-128:40
150            android:name="com.empcloud.empmonitor.ui.activity.welcom_tutorial.WelcomeActivity"
150-->src/main/AndroidManifest.xml:126:13-72
151            android:exported="false"
151-->src/main/AndroidManifest.xml:128:13-37
152            android:screenOrientation="portrait" />
152-->src/main/AndroidManifest.xml:127:13-49
153        <activity
153-->src/main/AndroidManifest.xml:129:9-138:20
154            android:name="com.empcloud.empmonitor.ui.activity.SplashActivity"
154-->src/main/AndroidManifest.xml:130:13-55
155            android:exported="true"
155-->src/main/AndroidManifest.xml:131:13-36
156            android:screenOrientation="portrait" >
156-->src/main/AndroidManifest.xml:132:13-49
157            <intent-filter>
157-->src/main/AndroidManifest.xml:133:13-137:29
158                <action android:name="android.intent.action.MAIN" />
158-->src/main/AndroidManifest.xml:134:17-69
158-->src/main/AndroidManifest.xml:134:25-66
159
160                <category android:name="android.intent.category.LAUNCHER" />
160-->src/main/AndroidManifest.xml:136:17-77
160-->src/main/AndroidManifest.xml:136:27-74
161            </intent-filter>
162        </activity>
163        <activity
163-->src/main/AndroidManifest.xml:139:9-142:40
164            android:name="com.empcloud.empmonitor.MainActivity"
164-->src/main/AndroidManifest.xml:140:13-41
165            android:exported="false"
165-->src/main/AndroidManifest.xml:142:13-37
166            android:screenOrientation="portrait" />
166-->src/main/AndroidManifest.xml:141:13-49
167
168        <provider
168-->src/main/AndroidManifest.xml:144:9-152:20
169            android:name="androidx.core.content.FileProvider"
169-->src/main/AndroidManifest.xml:145:13-62
170            android:authorities="com.empcloud.empmonitor.fileprovider"
170-->src/main/AndroidManifest.xml:146:13-71
171            android:exported="false"
171-->src/main/AndroidManifest.xml:147:13-37
172            android:grantUriPermissions="true" >
172-->src/main/AndroidManifest.xml:148:13-47
173            <meta-data
173-->src/main/AndroidManifest.xml:149:13-151:54
174                android:name="android.support.FILE_PROVIDER_PATHS"
174-->src/main/AndroidManifest.xml:150:17-67
175                android:resource="@xml/file_paths" />
175-->src/main/AndroidManifest.xml:151:17-51
176        </provider>
177
178        <meta-data
178-->src/main/AndroidManifest.xml:154:9-156:71
179            android:name="com.google.android.geo.API_KEY"
179-->src/main/AndroidManifest.xml:155:13-58
180            android:value="AIzaSyCttW09coBAF-u_FvqOiriGmLHs_SFTY0s" />
180-->src/main/AndroidManifest.xml:156:13-68
181
182        <service
182-->src/main/AndroidManifest.xml:158:9-162:56
183            android:name="com.empcloud.empmonitor.ui.services.location_tacking.LocationService"
183-->src/main/AndroidManifest.xml:159:13-73
184            android:enabled="true"
184-->src/main/AndroidManifest.xml:160:13-35
185            android:exported="false"
185-->src/main/AndroidManifest.xml:161:13-37
186            android:foregroundServiceType="location" />
186-->src/main/AndroidManifest.xml:162:13-53
187
188        <receiver
188-->src/main/AndroidManifest.xml:164:9-171:20
189            android:name="com.empcloud.empmonitor.utils.broadcast_services.SmsBroadcastReceiver"
189-->src/main/AndroidManifest.xml:165:13-74
190            android:exported="true"
190-->src/main/AndroidManifest.xml:167:13-36
191            android:permission="com.google.android.gms.auth.api.phone.permission.SEND" >
191-->src/main/AndroidManifest.xml:166:13-87
192            <intent-filter>
192-->src/main/AndroidManifest.xml:168:13-170:29
193                <action android:name="com.google.android.gms.auth.api.phone.SMS_RETRIEVED_ACTION" />
193-->src/main/AndroidManifest.xml:169:17-101
193-->src/main/AndroidManifest.xml:169:25-98
194            </intent-filter>
195        </receiver>
196        <receiver
196-->src/main/AndroidManifest.xml:173:9-178:20
197            android:name="com.empcloud.empmonitor.utils.broadcast_services.NetworkChangeReceiver"
197-->src/main/AndroidManifest.xml:173:19-81
198            android:enabled="true"
198-->src/main/AndroidManifest.xml:173:82-104
199            android:exported="true" >
199-->src/main/AndroidManifest.xml:174:13-36
200            <intent-filter>
200-->src/main/AndroidManifest.xml:175:13-177:29
201                <action android:name="android.net.conn.CONNECTIVITY_CHANGE" />
201-->src/main/AndroidManifest.xml:176:17-79
201-->src/main/AndroidManifest.xml:176:25-76
202            </intent-filter>
203        </receiver>
204        <receiver
204-->src/main/AndroidManifest.xml:181:9-187:20
205            android:name="com.empcloud.empmonitor.utils.broadcast_services.StopocationService"
205-->src/main/AndroidManifest.xml:181:19-78
206            android:enabled="true"
206-->src/main/AndroidManifest.xml:182:13-35
207            android:exported="true" >
207-->src/main/AndroidManifest.xml:183:13-36
208            <intent-filter>
208-->src/main/AndroidManifest.xml:184:13-186:29
209                <action android:name="android.intent.action.BOOT_COMPLETED" />
209-->src/main/AndroidManifest.xml:185:17-79
209-->src/main/AndroidManifest.xml:185:25-76
210            </intent-filter>
211        </receiver>
212        <receiver
212-->src/main/AndroidManifest.xml:189:9-192:40
213            android:name="com.empcloud.empmonitor.utils.broadcast_services.AutoCheckoutReceiver"
213-->src/main/AndroidManifest.xml:190:13-74
214            android:enabled="true"
214-->src/main/AndroidManifest.xml:191:13-35
215            android:exported="false" />
215-->src/main/AndroidManifest.xml:192:13-37
216
217        <activity
217-->[com.google.android.libraries.places:places:4.2.0] AndroidManifest.xml:17:9-23:20
218            android:name="com.google.android.libraries.places.widget.AutocompleteActivity"
218-->[com.google.android.libraries.places:places:4.2.0] AndroidManifest.xml:18:13-91
219            android:exported="false"
219-->[com.google.android.libraries.places:places:4.2.0] AndroidManifest.xml:19:13-37
220            android:label="@string/places_autocomplete_label"
220-->[com.google.android.libraries.places:places:4.2.0] AndroidManifest.xml:20:13-62
221            android:theme="@style/PlacesAutocompleteOverlay"
221-->[com.google.android.libraries.places:places:4.2.0] AndroidManifest.xml:21:13-61
222            android:windowSoftInputMode="adjustResize" >
222-->[com.google.android.libraries.places:places:4.2.0] AndroidManifest.xml:22:13-55
223        </activity>
224
225        <service
225-->[androidx.camera:camera-camera2:1.4.2] AndroidManifest.xml:24:9-33:19
226            android:name="androidx.camera.core.impl.MetadataHolderService"
226-->[androidx.camera:camera-camera2:1.4.2] AndroidManifest.xml:25:13-75
227            android:enabled="false"
227-->[androidx.camera:camera-camera2:1.4.2] AndroidManifest.xml:26:13-36
228            android:exported="false" >
228-->[androidx.camera:camera-camera2:1.4.2] AndroidManifest.xml:27:13-37
229            <meta-data
229-->[androidx.camera:camera-camera2:1.4.2] AndroidManifest.xml:30:13-32:89
230                android:name="androidx.camera.core.impl.MetadataHolderService.DEFAULT_CONFIG_PROVIDER"
230-->[androidx.camera:camera-camera2:1.4.2] AndroidManifest.xml:31:17-103
231                android:value="androidx.camera.camera2.Camera2Config$DefaultProvider" />
231-->[androidx.camera:camera-camera2:1.4.2] AndroidManifest.xml:32:17-86
232        </service>
233        <service
233-->[com.google.firebase:firebase-auth-ktx:23.2.0] AndroidManifest.xml:8:9-14:19
234            android:name="com.google.firebase.components.ComponentDiscoveryService"
234-->[com.google.firebase:firebase-auth-ktx:23.2.0] AndroidManifest.xml:9:13-84
235            android:directBootAware="true"
235-->[com.google.firebase:firebase-common:21.0.0] AndroidManifest.xml:32:13-43
236            android:exported="false" >
236-->[com.google.firebase:firebase-auth-ktx:23.2.0] AndroidManifest.xml:10:13-37
237            <meta-data
237-->[com.google.firebase:firebase-auth-ktx:23.2.0] AndroidManifest.xml:11:13-13:85
238                android:name="com.google.firebase.components:com.google.firebase.auth.ktx.FirebaseAuthLegacyRegistrar"
238-->[com.google.firebase:firebase-auth-ktx:23.2.0] AndroidManifest.xml:12:17-119
239                android:value="com.google.firebase.components.ComponentRegistrar" />
239-->[com.google.firebase:firebase-auth-ktx:23.2.0] AndroidManifest.xml:13:17-82
240            <meta-data
240-->[com.google.firebase:firebase-auth:23.2.0] AndroidManifest.xml:69:13-71:85
241                android:name="com.google.firebase.components:com.google.firebase.auth.FirebaseAuthRegistrar"
241-->[com.google.firebase:firebase-auth:23.2.0] AndroidManifest.xml:70:17-109
242                android:value="com.google.firebase.components.ComponentRegistrar" />
242-->[com.google.firebase:firebase-auth:23.2.0] AndroidManifest.xml:71:17-82
243            <meta-data
243-->[com.google.firebase:firebase-common-ktx:21.0.0] AndroidManifest.xml:12:13-14:85
244                android:name="com.google.firebase.components:com.google.firebase.ktx.FirebaseCommonLegacyRegistrar"
244-->[com.google.firebase:firebase-common-ktx:21.0.0] AndroidManifest.xml:13:17-116
245                android:value="com.google.firebase.components.ComponentRegistrar" />
245-->[com.google.firebase:firebase-common-ktx:21.0.0] AndroidManifest.xml:14:17-82
246            <meta-data
246-->[com.google.firebase:firebase-common:21.0.0] AndroidManifest.xml:35:13-37:85
247                android:name="com.google.firebase.components:com.google.firebase.FirebaseCommonKtxRegistrar"
247-->[com.google.firebase:firebase-common:21.0.0] AndroidManifest.xml:36:17-109
248                android:value="com.google.firebase.components.ComponentRegistrar" />
248-->[com.google.firebase:firebase-common:21.0.0] AndroidManifest.xml:37:17-82
249        </service>
250
251        <activity
251-->[com.google.firebase:firebase-auth:23.2.0] AndroidManifest.xml:29:9-46:20
252            android:name="com.google.firebase.auth.internal.GenericIdpActivity"
252-->[com.google.firebase:firebase-auth:23.2.0] AndroidManifest.xml:30:13-80
253            android:excludeFromRecents="true"
253-->[com.google.firebase:firebase-auth:23.2.0] AndroidManifest.xml:31:13-46
254            android:exported="true"
254-->[com.google.firebase:firebase-auth:23.2.0] AndroidManifest.xml:32:13-36
255            android:launchMode="singleTask"
255-->[com.google.firebase:firebase-auth:23.2.0] AndroidManifest.xml:33:13-44
256            android:theme="@android:style/Theme.Translucent.NoTitleBar" >
256-->[com.google.firebase:firebase-auth:23.2.0] AndroidManifest.xml:34:13-72
257            <intent-filter>
257-->[com.google.firebase:firebase-auth:23.2.0] AndroidManifest.xml:35:13-45:29
258                <action android:name="android.intent.action.VIEW" />
258-->[com.google.firebase:firebase-auth:23.2.0] AndroidManifest.xml:36:17-69
258-->[com.google.firebase:firebase-auth:23.2.0] AndroidManifest.xml:36:25-66
259
260                <category android:name="android.intent.category.DEFAULT" />
260-->[com.google.firebase:firebase-auth:23.2.0] AndroidManifest.xml:38:17-76
260-->[com.google.firebase:firebase-auth:23.2.0] AndroidManifest.xml:38:27-73
261                <category android:name="android.intent.category.BROWSABLE" />
261-->[com.google.firebase:firebase-auth:23.2.0] AndroidManifest.xml:39:17-78
261-->[com.google.firebase:firebase-auth:23.2.0] AndroidManifest.xml:39:27-75
262
263                <data
263-->[com.google.firebase:firebase-auth:23.2.0] AndroidManifest.xml:41:17-44:51
264                    android:host="firebase.auth"
264-->[com.google.firebase:firebase-auth:23.2.0] AndroidManifest.xml:42:21-49
265                    android:path="/"
265-->[com.google.firebase:firebase-auth:23.2.0] AndroidManifest.xml:43:21-37
266                    android:scheme="genericidp" />
266-->[com.google.firebase:firebase-auth:23.2.0] AndroidManifest.xml:44:21-48
267            </intent-filter>
268        </activity>
269        <activity
269-->[com.google.firebase:firebase-auth:23.2.0] AndroidManifest.xml:47:9-64:20
270            android:name="com.google.firebase.auth.internal.RecaptchaActivity"
270-->[com.google.firebase:firebase-auth:23.2.0] AndroidManifest.xml:48:13-79
271            android:excludeFromRecents="true"
271-->[com.google.firebase:firebase-auth:23.2.0] AndroidManifest.xml:49:13-46
272            android:exported="true"
272-->[com.google.firebase:firebase-auth:23.2.0] AndroidManifest.xml:50:13-36
273            android:launchMode="singleTask"
273-->[com.google.firebase:firebase-auth:23.2.0] AndroidManifest.xml:51:13-44
274            android:theme="@android:style/Theme.Translucent.NoTitleBar" >
274-->[com.google.firebase:firebase-auth:23.2.0] AndroidManifest.xml:52:13-72
275            <intent-filter>
275-->[com.google.firebase:firebase-auth:23.2.0] AndroidManifest.xml:53:13-63:29
276                <action android:name="android.intent.action.VIEW" />
276-->[com.google.firebase:firebase-auth:23.2.0] AndroidManifest.xml:36:17-69
276-->[com.google.firebase:firebase-auth:23.2.0] AndroidManifest.xml:36:25-66
277
278                <category android:name="android.intent.category.DEFAULT" />
278-->[com.google.firebase:firebase-auth:23.2.0] AndroidManifest.xml:38:17-76
278-->[com.google.firebase:firebase-auth:23.2.0] AndroidManifest.xml:38:27-73
279                <category android:name="android.intent.category.BROWSABLE" />
279-->[com.google.firebase:firebase-auth:23.2.0] AndroidManifest.xml:39:17-78
279-->[com.google.firebase:firebase-auth:23.2.0] AndroidManifest.xml:39:27-75
280
281                <data
281-->[com.google.firebase:firebase-auth:23.2.0] AndroidManifest.xml:41:17-44:51
282                    android:host="firebase.auth"
282-->[com.google.firebase:firebase-auth:23.2.0] AndroidManifest.xml:42:21-49
283                    android:path="/"
283-->[com.google.firebase:firebase-auth:23.2.0] AndroidManifest.xml:43:21-37
284                    android:scheme="recaptcha" />
284-->[com.google.firebase:firebase-auth:23.2.0] AndroidManifest.xml:44:21-48
285            </intent-filter>
286        </activity>
287
288        <service
288-->[androidx.credentials:credentials-play-services-auth:1.2.0-rc01] AndroidManifest.xml:24:9-32:19
289            android:name="androidx.credentials.playservices.CredentialProviderMetadataHolder"
289-->[androidx.credentials:credentials-play-services-auth:1.2.0-rc01] AndroidManifest.xml:25:13-94
290            android:enabled="true"
290-->[androidx.credentials:credentials-play-services-auth:1.2.0-rc01] AndroidManifest.xml:26:13-35
291            android:exported="false" >
291-->[androidx.credentials:credentials-play-services-auth:1.2.0-rc01] AndroidManifest.xml:27:13-37
292            <meta-data
292-->[androidx.credentials:credentials-play-services-auth:1.2.0-rc01] AndroidManifest.xml:29:13-31:104
293                android:name="androidx.credentials.CREDENTIAL_PROVIDER_KEY"
293-->[androidx.credentials:credentials-play-services-auth:1.2.0-rc01] AndroidManifest.xml:30:17-76
294                android:value="androidx.credentials.playservices.CredentialProviderPlayServicesImpl" />